Author: Ian Carlos        MAFD4202 - Team Project: Program #1

           ERROR REPORT

Record No.               Raw Input Data                       and ERROR MESSAGE(S)
----------   ------------------------------------
    6         S0002000CA01XA-600005
              Invoice Number XX can only be A, B, C, D, or E.
              SKU Code cannot be empty.
    7         S0014999CR01AA-700006247R20EHF02EF8E
              Invoice Number XX cannot have two same letters.
    9         S0001000CA01EB-900008SDFSKJ84MS09123
              Invoice Number must be >100000 and <900000.
   14         S0000999CR01EB-1500A3WI8HRW8H43FJSHF
              Invoice Number must be in format XX-000000.
   23         S0001000CA01AA-240108SDFSKJ84MS09123
              Invoice Number XX cannot have two same letters.
   24         S0012999DB01DZ-250109247R20EHF02EF8E
              Invoice Number XX can only be A, B, C, D, or E.
   30         R0002499CR02EB-310212
              SKU Code cannot be empty.
   31         R0002000CA02BB-320015SDFSKJ84MS09123
              Invoice Number XX cannot have two same letters.
   34         S000100XCW02BA-350001AADFSKJ84MS0913
              Transaction Amount must be numeric.
              Payment Type must be 'CA', 'CR', or 'DB'.
   44         S0008999CR02BC-0S0030WI8HRW8H43FJSHF
              Invoice Number must be in format XX-000000.
   45         S0001000CA02BB-460031SDFSKJ84MS09123
              Invoice Number XX cannot have two same letters.
   47         X000099XCR02CA-480033WI8HRW8H43FJSHF
              Transaction Code must be 'S', 'R' or 'L'.
              Transaction Amount must be numeric.
   49         R0012499CR02CD-500122
              SKU Code cannot be empty.
   51         X0014999CR02DA-520036247R20EHF02EF8E
              Transaction Code must be 'S', 'R' or 'L'.
   52         S0002999DW02DB-530037WI8HRW8H43FJSH2
              Payment Type must be 'CA', 'CR', or 'DB'.
   54         R0002499CR02DE-550212
              SKU Code cannot be empty.
   57         S0002999DW02EC-580217WI8HRW8H43FJSHF
              Payment Type must be 'CA', 'CR', or 'DB'.
   59         X0012999DB02AB-600219247R20EHF02EF8E
              Transaction Code must be 'S', 'R' or 'L'.
   63         S0002000CA02ET-640225SDFSKJ84MS09123
              Invoice Number XX can only be A, B, C, D, or E.
   64         S0014999CR02EE-650226247R20EHF02EF8E
              Invoice Number XX cannot have two same letters.
   72         L0014999DB12CC-730234LFW8H88W84HFW4F
              Invoice Number XX cannot have two same letters.
   74         R0002999CW02CE-750335SDFSKJ84MS09123
              Payment Type must be 'CA', 'CR', or 'DB'.
   75         C0014999CR02DA-760336247R20EHF02EF8E
              Transaction Code must be 'S', 'R' or 'L'.
   81         R0002499CR13EC-810402FLW8H4FW8H4FWF4
              Store Number must be 01, 02, 03, 04, 05, or 12.
   85         S0001000CA13AD-850408SDFSKJ84MS09123
              Store Number must be 01, 02, 03, 04, 05, or 12.
   87         S0008999CR03AA-870410WI8HRW8H43FJSHF
              Invoice Number XX cannot have two same letters.
   90         S0000999CR03EA-900413WI8HRW8H43FJSHF
              Invoice Number must be >100000 and <900000.
   91         L0001000CA03GB-910401SDFSKJ84MS09123
              Invoice Number XX can only be A, B, C, D, or E.
              Invoice Number must be >100000 and <900000.
   92         S0012999DB03CC-920402247R20EHF02EF8E
              Invoice Number XX cannot have two same letters.
              Invoice Number must be >100000 and <900000.
   93         S0008999CR03ED-930403WI8HRW8H43FJSHF
              Invoice Number must be >100000 and <900000.
   94         L0004999DB03AB-940404LFW8H88W84HFW4F
              Invoice Number must be >100000 and <900000.
   95         R0002499CR03AC-950402FLW8H4FW8H4FWF4
              Invoice Number must be >100000 and <900000.
   96         S0002000CA04AD-960405SDFSKJ84MS09123
              Invoice Number must be >100000 and <900000.
   97         S001X999CR17AE-970406247R20EHF02EF8E
              Transaction Amount must be numeric.
              Store Number must be 01, 02, 03, 04, 05, or 12.
              Invoice Number must be >100000 and <900000.
   98         R0002999DB04BA-98S407WI8HRW8H43FJSHF
              Invoice Number must be in format XX-000000.
              Invoice Number must be >100000 and <900000.
   99         S0001000CA04CC-99S508SDFSKJ84MS09123
              Invoice Number must be in format XX-000000.
              Invoice Number XX cannot have two same letters.
  106         R0002499CR04DB-106512
              SKU Code cannot be empty.
  110         S007100XCW05EC-110501AADFSKJ84MS0913
              Transaction Amount must be numeric.
              Payment Type must be 'CA', 'CR', or 'DB'.
  113         L0004999DB05DD-113524LFW8H88W84HFW4F
              Invoice Number XX cannot have two same letters.
  123         S000099XCR12DC-123633WI8HRW8H43FJSHF
              Transaction Amount must be numeric.
  125         R0012499CX14EE-125722
              Payment Type must be 'CA', 'CR', or 'DB'.
              Store Number must be 01, 02, 03, 04, 05, or 12.
              Invoice Number XX cannot have two same letters.
              SKU Code cannot be empty.
  127         X0014999CR12EB-127636247R20EHF02EF8E
              Transaction Code must be 'S', 'R' or 'L'.
  128         S0002999DW12EA-128637WI8HRW8H43FJSH2
              Payment Type must be 'CA', 'CR', or 'DB'.
  131         R0002400CA12AD-131S15SDFSKJ84MS09123
              Invoice Number must be in format XX-000000.
  133         S0002999DW01BA-133617WI8HRW8H43FJSHF
              Payment Type must be 'CA', 'CR', or 'DB'.
  135         W0012999DB03BD-135619247R20EHF02EF8E
              Transaction Code must be 'S', 'R' or 'L'.
  136         S0008999CR04BB-136623WI8HRW8H43FJSHF
              Invoice Number XX cannot have two same letters.
  143         S0012999DB05DD-143629247R20EHF02EF8E
              Invoice Number XX cannot have two same letters.
  149         R0000499CR05AC-1496N2F4WO8JFO8W4JFW8
              Invoice Number must be in format XX-000000.
  150         R0002999CW12AD-150635SDFSKJ84MS09123
              Payment Type must be 'CA', 'CR', or 'DB'.
  151         X0014999CR71AE-151636247R20EHF02EF8E
              Transaction Code must be 'S', 'R' or 'L'.
              Store Number must be 01, 02, 03, 04, 05, or 12.
  152         S0002999DB08AB-152637WI8HRW8H43FJSH2
              Store Number must be 01, 02, 03, 04, 05, or 12.


SUMMARYTOTAL RECORDS:   152
VALID RECORDS:   100
INVALID RECORDS:  52
